Сборка начата 30.04.2015 20:49:00.
     1>Проект "C:\My Documents\Visual Studio 2010\Projects\TIMP Deikstra\TIMP Deikstra\TIMP Deikstra.vcxproj" в узле 2 (целевые объекты build).
     1>InitializeBuildStatus:
         Создание "Debug\TIMP Deikstra.unsuccessfulbuild", так как было задано "AlwaysCreate".
       ClCompile:
         C:\Program Files (x86)\Microsoft Visual Studio 10.0\VC\bin\CL.exe /c /ZI /nologo /W3 /WX- /Od /Oy- /D WIN32 /D _DEBUG /D _CONSOLE /D _UNICODE /D UNICODE /Gm /EHsc /RTC1 /MDd /GS /fp:precise /Zc:wchar_t /Zc:forScope /Fo"Debug\\" /Fd"Debug\vc100.pdb" /Gd /TP /analyze- /errorReport:prompt 123.cpp
         123.cpp
       ManifestResourceCompile:
         Для всех выходных данных обновления не требуется.
       Link:
         C:\Program Files (x86)\Microsoft Visual Studio 10.0\VC\bin\link.exe /ERRORREPORT:PROMPT /OUT:"C:\My Documents\Visual Studio 2010\Projects\TIMP Deikstra\Debug\TIMP Deikstra.exe" /INCREMENTAL /NOLOGO kernel32.lib user32.lib gdi32.lib winspool.lib comdlg32.lib advapi32.lib shell32.lib ole32.lib oleaut32.lib uuid.lib odbc32.lib odbccp32.lib /MANIFEST /ManifestFile:"Debug\TIMP Deikstra.exe.intermediate.manifest" /MANIFESTUAC:"level='asInvoker' uiAccess='false'" /DEBUG /PDB:"C:\My Documents\Visual Studio 2010\Projects\TIMP Deikstra\Debug\TIMP Deikstra.pdb" /SUBSYSTEM:CONSOLE /TLBID:1 /DYNAMICBASE /NXCOMPAT /IMPLIB:"C:\My Documents\Visual Studio 2010\Projects\TIMP Deikstra\Debug\TIMP Deikstra.lib" /MACHINE:X86 "Debug\TIMP Deikstra.exe.embed.manifest.res"
         Debug\123.obj
       Manifest:
         c:\Program Files (x86)\Microsoft SDKs\Windows\v7.0A\bin\mt.exe /nologo /verbose /out:"Debug\TIMP Deikstra.exe.embed.manifest" /manifest "Debug\TIMP Deikstra.exe.intermediate.manifest"
         Для всех выходных данных обновления не требуется.
       LinkEmbedManifest:
         Для всех выходных данных обновления не требуется.
         TIMP Deikstra.vcxproj -> C:\My Documents\Visual Studio 2010\Projects\TIMP Deikstra\Debug\TIMP Deikstra.exe
       FinalizeBuildStatus:
         Файл "Debug\TIMP Deikstra.unsuccessfulbuild" удаляется.
         Обращение к "Debug\TIMP Deikstra.lastbuildstate".
     1>Построение проекта "C:\My Documents\Visual Studio 2010\Projects\TIMP Deikstra\TIMP Deikstra\TIMP Deikstra.vcxproj" завершено (целевые объекты build).

Построение успешно завершено.

Затраченное время: 00:00:00.58
